#
# There is insufficient memory for the Java Runtime Environment to continue.
# Native memory allocation (mmap) failed to map 268435456 bytes for G1 virtual space
# Possible reasons:
#   The system is out of physical RAM or swap space
#   The process is running with CompressedOops enabled, and the Java Heap may be blocking the growth of the native heap
# Possible solutions:
#   Reduce memory load on the system
#   Increase physical memory or swap space
#   Check if swap backing store is full
#   Decrease Java heap size (-Xmx/-Xms)
#   Decrease number of Java threads
#   Decrease Java thread stack sizes (-Xss)
#   Set larger code cache with -XX:ReservedCodeCacheSize=
#   JVM is running with Zero Based Compressed Oops mode in which the Java heap is
#     placed in the first 32GB address space. The Java Heap base address is the
#     maximum limit for the native heap growth. Please use -XX:HeapBaseMinAddress
#     to set the Java Heap base and to place the Java Heap above 32GB virtual address.
# This output file may be truncated or incomplete.
#
#  Out of Memory Error (os_windows.cpp:3548), pid=14500, tid=6908
#
# JRE version:  (17.0.11+7) (build )
# Java VM: Java HotSpot(TM) 64-Bit Server VM (17.0.11+7-LTS-207, mixed mode, sharing, tiered, compressed oops, compressed class ptrs, g1 gc, windows-amd64)
# No core dump will be written. Minidumps are not enabled by default on client versions of Windows
#

---------------  S U M M A R Y ------------

Command Line: -Dclassworlds.conf=C:\Program Files\NetBeans-21\netbeans\java\maven\bin\m2.conf -Dmaven.home=C:\Program Files\NetBeans-21\netbeans\java\maven -Dlibrary.jansi.path=C:\Program Files\NetBeans-21\netbeans\java\maven\lib\jansi-native -Dmaven.multiModuleProjectDirectory=E:\Java EE\abhaya org.codehaus.plexus.classworlds.launcher.Launcher -Dnetbeans.deploy=true -Dexec.vmArgs= -Dexec.appArgs= -Dmaven.ext.class.path=C:\Program Files\NetBeans-21\netbeans\java\maven-nblib\netbeans-eventspy.jar --no-transfer-progress package

Host: Intel(R) Core(TM) i7-7600U CPU @ 2.80GHz, 4 cores, 15G,  Windows 11 , 64 bit Build 22621 (10.0.22621.4655)
Time: Thu Dec 19 20:22:10 2024 India Standard Time elapsed time: 0.103130 seconds (0d 0h 0m 0s)

---------------  T H R E A D  ---------------

Current thread (0x000001d845999fd0):  JavaThread "Unknown thread" [_thread_in_vm, id=6908, stack(0x0000000eb3e00000,0x0000000eb3f00000)]

Stack: [0x0000000eb3e00000,0x0000000eb3f00000]
Native frames: (J=compiled Java code, j=interpreted, Vv=VM code, C=native code)
V  [jvm.dll+0x679cca]
V  [jvm.dll+0x7da13d]
V  [jvm.dll+0x7dba83]
V  [jvm.dll+0x7dc0f3]
V  [jvm.dll+0x2449af]
V  [jvm.dll+0x676ce9]
V  [jvm.dll+0x66b852]
V  [jvm.dll+0x3018d6]
V  [jvm.dll+0x308e76]
V  [jvm.dll+0x3596ee]
V  [jvm.dll+0x35991f]
V  [jvm.dll+0x2d89a8]
V  [jvm.dll+0x2d9914]
V  [jvm.dll+0x7ac6b1]
V  [jvm.dll+0x366f61]
V  [jvm.dll+0x78b609]
V  [jvm.dll+0x3ec22f]
V  [jvm.dll+0x3ede61]
C  [jli.dll+0x5297]
C  [ucrtbase.dll+0x29333]
C  [KERNEL32.DLL+0x1259d]
C  [ntdll.dll+0x5af38]


---------------  P R O C E S S  ---------------

Threads class SMR info:
_java_thread_list=0x00007ffc2b5b7a18, length=0, elements={
}

Java Threads: ( => current thread )

Other Threads:
  0x000001d847a0fe30 GCTaskThread "GC Thread#0" [stack: 0x0000000eb4000000,0x0000000eb4100000] [id=9736]
  0x000001d847a20bc0 ConcurrentGCThread "G1 Main Marker" [stack: 0x0000000eb4100000,0x0000000eb4200000] [id=12156]
  0x000001d847a215d0 ConcurrentGCThread "G1 Conc#0" [stack: 0x0000000eb4200000,0x0000000eb4300000] [id=11552]

[error occurred during error reporting (printing all threads), id 0xc0000005, EXCEPTION_ACCESS_VIOLATION (0xc0000005) at pc=0x00007ffc2ade9497]

VM state: not at safepoint (not fully initialized)

VM Mutex/Monitor currently owned by a thread:  ([mutex/lock_event])
[0x000001d8479a2ca0] Heap_lock - owner thread: 0x000001d845999fd0

Heap address: 0x0000000701c00000, size: 4068 MB, Compressed Oops mode: Zero based, Oop shift amount: 3

CDS archive(s) mapped at: [0x0000000000000000-0x0000000000000000-0x0000000000000000), size 0, SharedBaseAddress: 0x0000000800000000, ArchiveRelocationMode: 1.
Narrow klass base: 0x0000000000000000, Narrow klass shift: 0, Narrow klass range: 0x0

GC Precious Log:
<Empty>

Heap:
 garbage-first heap   total 0K, used 0K [0x0000000701c00000, 0x0000000800000000)
  region size 2048K, 0 young (0K), 0 survivors (0K)

[error occurred during error reporting (printing heap information), id 0xc0000005, EXCEPTION_ACCESS_VIOLATION (0xc0000005) at pc=0x00007ffc2b1d3559]

GC Heap History (0 events):
No events

Deoptimization events (0 events):
No events

Classes unloaded (0 events):
No events

Classes redefined (0 events):
No events

Internal exceptions (0 events):
No events

VM Operations (0 events):
No events

Events (1 events):
Event: 0.068 Loaded shared library C:\Program Files\Java\jdk-17\bin\java.dll


Dynamic libraries:
0x00007ff6c7320000 - 0x00007ff6c7330000 	C:\Program Files\Java\jdk-17\bin\java.exe
0x00007ffc8d370000 - 0x00007ffc8d587000 	C:\WINDOWS\SYSTEM32\ntdll.dll
0x00007ffc8b590000 - 0x00007ffc8b654000 	C:\WINDOWS\System32\KERNEL32.DLL
0x00007ffc8ab40000 - 0x00007ffc8af0f000 	C:\WINDOWS\System32\KERNELBASE.dll
0x00007ffc8a7a0000 - 0x00007ffc8a8b1000 	C:\WINDOWS\System32\ucrtbase.dll
0x00007ffc86e20000 - 0x00007ffc86e39000 	C:\Program Files\Java\jdk-17\bin\jli.dll
0x00007ffc8b090000 - 0x00007ffc8b142000 	C:\WINDOWS\System32\ADVAPI32.dll
0x00007ffc8b430000 - 0x00007ffc8b4d7000 	C:\WINDOWS\System32\msvcrt.dll
0x00007ffc8c740000 - 0x00007ffc8c7e7000 	C:\WINDOWS\System32\sechost.dll
0x00007ffc8a8c0000 - 0x00007ffc8a8e8000 	C:\WINDOWS\System32\bcrypt.dll
0x00007ffc8c950000 - 0x00007ffc8ca64000 	C:\WINDOWS\System32\RPCRT4.dll
0x00007ffc8cf70000 - 0x00007ffc8d11e000 	C:\WINDOWS\System32\USER32.dll
0x00007ffc8a9f0000 - 0x00007ffc8aa16000 	C:\WINDOWS\System32\win32u.dll
0x00007ffc8c5b0000 - 0x00007ffc8c5d9000 	C:\WINDOWS\System32\GDI32.dll
0x00007ffc8aa20000 - 0x00007ffc8ab3b000 	C:\WINDOWS\System32\gdi32full.dll
0x00007ffc8a640000 - 0x00007ffc8a6da000 	C:\WINDOWS\System32\msvcp_win.dll
0x00007ffc660f0000 - 0x00007ffc6610b000 	C:\Program Files\Java\jdk-17\bin\VCRUNTIME140.dll
0x00007ffc79dd0000 - 0x00007ffc7a062000 	C:\WINDOWS\WinSxS\amd64_microsoft.windows.common-controls_6595b64144ccf1df_6.0.22621.4580_none_2714e9b573810c40\COMCTL32.dll
0x00007ffc814a0000 - 0x00007ffc814aa000 	C:\WINDOWS\SYSTEM32\VERSION.dll
0x00007ffc8d2f0000 - 0x00007ffc8d321000 	C:\WINDOWS\System32\IMM32.DLL
0x00007ffc77580000 - 0x00007ffc7758c000 	C:\Program Files\Java\jdk-17\bin\vcruntime140_1.dll
0x00007ffc371b0000 - 0x00007ffc3723e000 	C:\Program Files\Java\jdk-17\bin\msvcp140.dll
0x00007ffc2ab00000 - 0x00007ffc2b6e0000 	C:\Program Files\Java\jdk-17\bin\server\jvm.dll
0x00007ffc8b390000 - 0x00007ffc8b398000 	C:\WINDOWS\System32\PSAPI.DLL
0x00007ffc69af0000 - 0x00007ffc69af9000 	C:\WINDOWS\SYSTEM32\WSOCK32.dll
0x00007ffc8c8d0000 - 0x00007ffc8c941000 	C:\WINDOWS\System32\WS2_32.dll
0x00007ffc84800000 - 0x00007ffc84834000 	C:\WINDOWS\SYSTEM32\WINMM.dll
0x00007ffc89660000 - 0x00007ffc89678000 	C:\WINDOWS\SYSTEM32\kernel.appcore.dll
0x00007ffc770e0000 - 0x00007ffc770ea000 	C:\Program Files\Java\jdk-17\bin\jimage.dll
0x00007ffc88050000 - 0x00007ffc88282000 	C:\WINDOWS\SYSTEM32\DBGHELP.DLL
0x00007ffc8ca70000 - 0x00007ffc8cdff000 	C:\WINDOWS\System32\combase.dll
0x00007ffc8c7f0000 - 0x00007ffc8c8c7000 	C:\WINDOWS\System32\OLEAUT32.dll
0x00007ffc697c0000 - 0x00007ffc697f2000 	C:\WINDOWS\SYSTEM32\dbgcore.DLL
0x00007ffc8a8f0000 - 0x00007ffc8a96b000 	C:\WINDOWS\System32\bcryptPrimitives.dll
0x00007ffc5fba0000 - 0x00007ffc5fbc5000 	C:\Program Files\Java\jdk-17\bin\java.dll

dbghelp: loaded successfully - version: 4.0.5 - missing functions: none
symbol engine: initialized successfully - sym options: 0x614 - pdb path: .;C:\Program Files\Java\jdk-17\bin;C:\WINDOWS\SYSTEM32;C:\WINDOWS\WinSxS\amd64_microsoft.windows.common-controls_6595b64144ccf1df_6.0.22621.4580_none_2714e9b573810c40;C:\Program Files\Java\jdk-17\bin\server

VM Arguments:
jvm_args: -Dclassworlds.conf=C:\Program Files\NetBeans-21\netbeans\java\maven\bin\m2.conf -Dmaven.home=C:\Program Files\NetBeans-21\netbeans\java\maven -Dlibrary.jansi.path=C:\Program Files\NetBeans-21\netbeans\java\maven\lib\jansi-native -Dmaven.multiModuleProjectDirectory=E:\Java EE\abhaya 
java_command: org.codehaus.plexus.classworlds.launcher.Launcher -Dnetbeans.deploy=true -Dexec.vmArgs= -Dexec.appArgs= -Dmaven.ext.class.path=C:\Program Files\NetBeans-21\netbeans\java\maven-nblib\netbeans-eventspy.jar --no-transfer-progress package
java_class_path (initial): C:\Program Files\NetBeans-21\netbeans\java\maven\boot\plexus-classworlds-2.7.0.jar
Launcher Type: SUN_STANDARD

[Global flags]
     intx CICompilerCount                          = 3                                         {product} {ergonomic}
     uint ConcGCThreads                            = 1                                         {product} {ergonomic}
     uint G1ConcRefinementThreads                  = 4                                         {product} {ergonomic}
   size_t G1HeapRegionSize                         = 2097152                                   {product} {ergonomic}
    uintx GCDrainStackTargetSize                   = 64                                        {product} {ergonomic}
   size_t InitialHeapSize                          = 268435456                                 {product} {ergonomic}
   size_t MarkStackSize                            = 4194304                                   {product} {ergonomic}
   size_t MaxHeapSize                              = 4265607168                                {product} {ergonomic}
   size_t MinHeapDeltaBytes                        = 2097152                                   {product} {ergonomic}
   size_t MinHeapSize                              = 8388608                                   {product} {ergonomic}
    uintx NonNMethodCodeHeapSize                   = 5832780                                {pd product} {ergonomic}
    uintx NonProfiledCodeHeapSize                  = 122912730                              {pd product} {ergonomic}
    uintx ProfiledCodeHeapSize                     = 122912730                              {pd product} {ergonomic}
    uintx ReservedCodeCacheSize                    = 251658240                              {pd product} {ergonomic}
     bool SegmentedCodeCache                       = true                                      {product} {ergonomic}
   size_t SoftMaxHeapSize                          = 4265607168                             {manageable} {ergonomic}
     bool UseCompressedClassPointers               = true                           {product lp64_product} {ergonomic}
     bool UseCompressedOops                        = true                           {product lp64_product} {ergonomic}
     bool UseG1GC                                  = true                                      {product} {ergonomic}
     bool UseLargePagesIndividualAllocation        = false                                  {pd product} {ergonomic}

Logging:
Log output configuration:
 #0: stdout all=warning uptime,level,tags
 #1: stderr all=off uptime,level,tags

Environment Variables:
JAVA_HOME=C:\Program Files\Java\jdk-17
PATH=C:\Program Files\Common Files\Oracle\Java\javapath;C:\oraclexe\app\oracle\product\11.2.0\server\bin;C:\WINDOWS\system32;C:\WINDOWS;C:\WINDOWS\System32\Wbem;C:\WINDOWS\System32\WindowsPowerShell\v1.0\;C:\WINDOWS\System32\OpenSSH\;c:\Program Files (x86)\Intel\Intel(R) Management Engine Components\DAL;c:\Program Files\Intel\Intel(R) Management Engine Components\DAL;C:\Users\1\Downloads\dartsdk-windows-x64-release\dart-sdk\bin;C:\Users\1\Downloads\flutter_windows_3.13.5-stable\flutter\bin;C:\cygwin64\bin;C:\xampp\php;C:\Program Files\Java\jdk-17\bin;C:\MinGW\bin;C:\ProgramData\chocolatey\bin;C:\Users\1\AppData\Roaming\npm;C:\Program Files\Git\cmd;C:\Program Files\nodejs;C:\Users\1\AppData\Local\Microsoft\WindowsApps;C:\Users\1\AppData\Local\Programs\Microsoft VS Code\bin;C:\MinGW\bin;C:\Program Files\nodejs;C:\Users\1\AppData\Roaming\npm;
USERNAME=1
OS=Windows_NT
PROCESSOR_IDENTIFIER=Intel64 Family 6 Model 142 Stepping 9, GenuineIntel



---------------  S Y S T E M  ---------------

OS:
 Windows 11 , 64 bit Build 22621 (10.0.22621.4655)
OS uptime: 2 days 7:44 hours

CPU: total 4 (initial active 4) (2 cores per cpu, 2 threads per core) family 6 model 142 stepping 9 microcode 0xf4, cx8, cmov, fxsr, ht, mmx, 3dnowpref, sse, sse2, sse3, ssse3, sse4.1, sse4.2, popcnt, lzcnt, tsc, tscinvbit, avx, avx2, aes, erms, clmul, bmi1, bmi2, rtm, adx, fma, vzeroupper, clflush, clflushopt

Memory: 4k page, system-wide physical 16264M (3311M free)
TotalPageFile size 29581M (AvailPageFile size 31M)
current process WorkingSet (physical memory assigned to process): 11M, peak: 11M
current process commit charge ("private bytes"): 52M, peak: 308M

vm_info: Java HotSpot(TM) 64-Bit Server VM (17.0.11+7-LTS-207) for windows-amd64 JRE (17.0.11+7-LTS-207), built on Mar 11 2024 19:01:50 by "mach5one" with MS VC++ 17.6 (VS2022)

END.
